<?xml version="1.0" encoding="UTF-8"?>
<!-- Generated by org.testng.reporters.JUnitXMLReporter -->
<testsuite hostname="bittechs-imac.lan" name="Default test" tests="4" failures="0" timestamp="2 Nov 2023 22:56:31 GMT" time="0.057" errors="0">
  <testcase name="f" time="0.001" classname="com.DBTest">
    <skipped/>
  </testcase> <!-- f -->
  <testcase name="signIn" time="0.003" classname="com.UnitTest"/>
  <testcase name="signOut" time="0.004" classname="com.UnitTest"/>
  <testcase name="buyAShirt" time="0.001" classname="com.SmokeTest"/>
</testsuite> <!-- Default test -->
